<?xml version="1.0" encoding="UTF-8"?>
<!-- Generated by org.testng.reporters.JUnitReportReporter -->
<testsuite hostname="Rajeshkumar11" failures="0" tests="1" name="TinyFlixApplicationTest.Accessibility" time="2.715" errors="0" timestamp="2025-05-09T08:32:15 IST" skipped="0">
  <testcase classname="TinyFlixApplicationTest.Accessibility" name="TC011_Keyboard_Navigation" time="2.715"/>
</testsuite> <!-- TinyFlixApplicationTest.Accessibility -->
