<?xml version="1.0" encoding="UTF-8"?>
<!-- Generated by org.testng.reporters.JUnitReportReporter -->
<testsuite hostname="Rajeshkumar11" failures="0" tests="1" name="UploadDownloadTest.UploadDownload" time="6.965" errors="0" timestamp="2025-05-10T21:52:37 IST" skipped="0">
  <testcase classname="UploadDownloadTest.UploadDownload" name="UploadDownloadFile" time="6.965"/>
</testsuite> <!-- UploadDownloadTest.UploadDownload -->
