<?xml version="1.0" encoding="UTF-8"?>
<!-- Generated by org.testng.reporters.JUnitReportReporter -->
<testsuite hostname="Rajeshkumar11" failures="0" tests="1" name="UploadDownloadTest.FileUploadAutoIT" time="9.356" errors="0" timestamp="2025-05-11T12:56:04 IST" skipped="0">
  <testcase classname="UploadDownloadTest.FileUploadAutoIT" name="FileUploadAutoITTest" time="9.356"/>
</testsuite> <!-- UploadDownloadTest.FileUploadAutoIT -->
