<?xml version="1.0" encoding="UTF-8"?>
<!-- Generated by org.testng.reporters.JUnitReportReporter -->
<testsuite hostname="Rajeshkumar11" failures="0" tests="2" name="TinyFlixApplicationTest.Comments" time="7.299" errors="0" timestamp="2025-05-09T08:32:15 IST" skipped="0">
  <testcase classname="TinyFlixApplicationTest.Comments" name="TC009_Add_Comment" time="3.591"/>
  <testcase classname="TinyFlixApplicationTest.Comments" name="TC010_Reply_to_Comment" time="3.708"/>
</testsuite> <!-- TinyFlixApplicationTest.Comments -->
