<?xml version="1.0" encoding="UTF-8"?>
<!-- Generated by org.testng.reporters.JUnitReportReporter -->
<testsuite hostname="Rajeshkumar11" failures="0" tests="1" name="TinyFlixApplicationTest1.VideoPlayback" time="7.958" errors="0" timestamp="2025-05-08T08:48:02 IST" skipped="0">
  <testcase classname="TinyFlixApplicationTest1.VideoPlayback" name="TC001_Video_PlayorPause" time="7.958"/>
</testsuite> <!-- TinyFlixApplicationTest1.VideoPlayback -->
