<?xml version="1.0" encoding="UTF-8"?>
<!-- Generated by org.testng.reporters.JUnitReportReporter -->
<testsuite hostname="Rajeshkumar11" failures="0" tests="2" name="TinyFlixApplicationTest.Bookmarks" time="11.182" errors="0" timestamp="2025-05-09T08:32:15 IST" skipped="0">
  <testcase classname="TinyFlixApplicationTest.Bookmarks" name="TC008_Navigate_to_Bookmark" time="5.590"/>
  <testcase classname="TinyFlixApplicationTest.Bookmarks" name="TC007_Add_Bookmark" time="5.592"/>
</testsuite> <!-- TinyFlixApplicationTest.Bookmarks -->
